<?xml version="1.0" encoding="UTF-8"?>
<!-- Generated by org.testng.reporters.JUnitXMLReporter -->
<testsuite ignored="0" hostname="Rev-PG02Z04Q" failures="0" tests="3" name="Test" time="0.058" errors="0" timestamp="2024-07-16T00:47:11 IST">
  <testcase classname="week5.day1.ProjectSpecificMethod" name="@BeforeMethod beforesteps" time="-1.7210710315E9">
    <failure type="org.testng.TestNGException" message="
Parameter &amp;apos;browser&amp;apos; is required by BeforeMethod on method beforesteps but has not been marked @Optional or defined
in C:\Users\KarthikV\OneDrive - revature.com\eclipse\testleaf123\parallel.xml">
      <![CDATA[org.testng.TestNGException: 
Parameter 'browser' is required by BeforeMethod on method beforesteps but has not been marked @Optional or defined
in C:\Users\KarthikV\OneDrive - revature.com\eclipse\testleaf123\parallel.xml
at java.base/java.util.concurrent.ThreadPoolExecutor.runWorker(ThreadPoolExecutor.java:1136)
at java.base/java.util.concurrent.ThreadPoolExecutor$Worker.run(ThreadPoolExecutor.java:635)
at java.base/java.lang.Thread.run(Thread.java:840)
... Removed 13 stack frames]]>
    </failure>
  </testcase> <!-- @BeforeMethod beforesteps -->
  <testcase classname="week5.day1.ProjectSpecificMethod" name="@BeforeMethod beforesteps" time="-1.7210710315E9">
    <failure type="org.testng.TestNGException" message="
Parameter &amp;apos;browser&amp;apos; is required by BeforeMethod on method beforesteps but has not been marked @Optional or defined
in C:\Users\KarthikV\OneDrive - revature.com\eclipse\testleaf123\parallel.xml">
      <![CDATA[org.testng.TestNGException: 
Parameter 'browser' is required by BeforeMethod on method beforesteps but has not been marked @Optional or defined
in C:\Users\KarthikV\OneDrive - revature.com\eclipse\testleaf123\parallel.xml
at java.base/java.util.concurrent.ThreadPoolExecutor.runWorker(ThreadPoolExecutor.java:1136)
at java.base/java.util.concurrent.ThreadPoolExecutor$Worker.run(ThreadPoolExecutor.java:635)
at java.base/java.lang.Thread.run(Thread.java:840)
... Removed 13 stack frames]]>
    </failure>
  </testcase> <!-- @BeforeMethod beforesteps -->
  <testcase classname="week5.day1.ProjectSpecificMethod" name="@BeforeMethod beforesteps" time="-1.7210710315E9">
    <failure type="org.testng.TestNGException" message="
Parameter &amp;apos;browser&amp;apos; is required by BeforeMethod on method beforesteps but has not been marked @Optional or defined
in C:\Users\KarthikV\OneDrive - revature.com\eclipse\testleaf123\parallel.xml">
      <![CDATA[org.testng.TestNGException: 
Parameter 'browser' is required by BeforeMethod on method beforesteps but has not been marked @Optional or defined
in C:\Users\KarthikV\OneDrive - revature.com\eclipse\testleaf123\parallel.xml
at java.base/java.util.concurrent.ThreadPoolExecutor.runWorker(ThreadPoolExecutor.java:1136)
at java.base/java.util.concurrent.ThreadPoolExecutor$Worker.run(ThreadPoolExecutor.java:635)
at java.base/java.lang.Thread.run(Thread.java:840)
... Removed 13 stack frames]]>
    </failure>
  </testcase> <!-- @BeforeMethod beforesteps -->
  <testcase classname="week5.day1.ProjectSpecificMethod" name="@AfterMethod aftersteps" time="-1.72107103152E9">
    <skipped/>
  </testcase> <!-- @AfterMethod aftersteps -->
  <testcase classname="week5.day1.ProjectSpecificMethod" name="@AfterMethod aftersteps" time="-1.721071031518E9">
    <skipped/>
  </testcase> <!-- @AfterMethod aftersteps -->
  <testcase classname="week5.day1.ProjectSpecificMethod" name="@AfterMethod aftersteps" time="-1.721071031521E9">
    <skipped/>
  </testcase> <!-- @AfterMethod aftersteps -->
  <testcase classname="week5.day1.Editlead" name="editlead" time="0.0">
    <skipped/>
  </testcase> <!-- editlead -->
  <testcase classname="week5.day1.DuplicateLead" name="duplicatelead" time="0.0">
    <skipped/>
  </testcase> <!-- duplicatelead -->
  <testcase classname="week5.day1.Createlead" name="createlead" time="0.0">
    <skipped/>
  </testcase> <!-- createlead -->
</testsuite> <!-- Test -->
